C:\NSFAnalyzer\NSFAnalyzer_Source\Debug\Analyze_CAPI.lib
C:\NSFAnalyzer\NSFAnalyzer_Source\Debug\Analyze_CAPI.exp
C:\NSFANALYZER\NSFANALYZER_SOURCE\ANALYZE_CAPI\DEBUG\ANALYZE_CAPI.PCH
C:\NSFANALYZER\NSFANALYZER_SOURCE\ANALYZE_CAPI\DEBUG\STDAFX.OBJ
C:\NSFANALYZER\NSFANALYZER_SOURCE\ANALYZE_CAPI\DEBUG\VC110.PDB
C:\NSFANALYZER\NSFANALYZER_SOURCE\ANALYZE_CAPI\DEBUG\ANALYZE.OBJ
C:\NSFANALYZER\NSFANALYZER_SOURCE\ANALYZE_CAPI\DEBUG\DLLMAIN.OBJ
C:\NSFANALYZER\NSFANALYZER_SOURCE\DEBUG\ANALYZE_CAPI.ILK
C:\NSFANALYZER\NSFANALYZER_SOURCE\DEBUG\ANALYZE_CAPI.DLL
C:\NSFANALYZER\NSFANALYZER_SOURCE\DEBUG\ANALYZE_CAPI.PDB
C:\NSFAnalyzer\NSFAnalyzer_Source\Analyze_CAPI\Debug\analyze.obj
C:\NSFAnalyzer\NSFAnalyzer_Source\Analyze_CAPI\Debug\dllmain.obj
C:\NSFAnalyzer\NSFAnalyzer_Source\Analyze_CAPI\Debug\stdafx.obj
C:\NSFAnalyzer\NSFAnalyzer_Source\Analyze_CAPI\Debug\Analyze_CAPI.write.1.tlog
C:\NSFAnalyzer\NSFAnalyzer_Source\Analyze_CAPI\Debug\cl.command.1.tlog
C:\NSFAnalyzer\NSFAnalyzer_Source\Analyze_CAPI\Debug\CL.read.1.tlog
C:\NSFAnalyzer\NSFAnalyzer_Source\Analyze_CAPI\Debug\CL.write.1.tlog
C:\NSFAnalyzer\NSFAnalyzer_Source\Analyze_CAPI\Debug\link-cvtres.read.1.tlog
C:\NSFAnalyzer\NSFAnalyzer_Source\Analyze_CAPI\Debug\link-cvtres.write.1.tlog
C:\NSFAnalyzer\NSFAnalyzer_Source\Analyze_CAPI\Debug\link-mt.read.1.tlog
C:\NSFAnalyzer\NSFAnalyzer_Source\Analyze_CAPI\Debug\link-mt.write.1.tlog
C:\NSFAnalyzer\NSFAnalyzer_Source\Analyze_CAPI\Debug\link-rc.read.1.tlog
C:\NSFAnalyzer\NSFAnalyzer_Source\Analyze_CAPI\Debug\link-rc.write.1.tlog
C:\NSFAnalyzer\NSFAnalyzer_Source\Analyze_CAPI\Debug\link.command.1.tlog
C:\NSFAnalyzer\NSFAnalyzer_Source\Analyze_CAPI\Debug\link.read.1.tlog
C:\NSFAnalyzer\NSFAnalyzer_Source\Analyze_CAPI\Debug\link.write.1.tlog
C:\NSFAnalyzer\NSFAnalyzer_Source\Analyze_CAPI\Debug\Analyze_CAPI.pch
C:\NSFAnalyzer\NSFAnalyzer_Source\Analyze_CAPI\Debug\vc110.idb
C:\NSFAnalyzer\NSFAnalyzer_Source\Analyze_CAPI\Debug\vc110.pdb
C:\NSFAnalyzer\NSFAnalyzer_Source\Debug\Analyze_CAPI.pdb
C:\NSFAnalyzer\NSFAnalyzer_Source\Debug\Analyze_CAPI.dll
C:\NSFAnalyzer\NSFAnalyzer_Source\Debug\Analyze_CAPI.ilk
