C:\NSFANALYZER\NSFANALYZER_SOURCE\NSFANALYZER\RELEASE\NSFANALYZER.PCH
C:\NSFANALYZER\NSFANALYZER_SOURCE\NSFANALYZER\RELEASE\STDAFX.OBJ
C:\NSFANALYZER\NSFANALYZER_SOURCE\NSFANALYZER\RELEASE\VC110.PDB
C:\NSFANALYZER\NSFANALYZER_SOURCE\NSFANALYZER\RELEASE\ABOUT.OBJ
C:\NSFANALYZER\NSFANALYZER_SOURCE\NSFANALYZER\RELEASE\SEARCH_CORE.OBJ
C:\NSFANALYZER\NSFANALYZER_SOURCE\NSFANALYZER\RELEASE\SCANRESULT.OBJ
C:\NSFANALYZER\NSFANALYZER_SOURCE\NSFANALYZER\RELEASE\SCANITERATOR.OBJ
C:\NSFANALYZER\NSFANALYZER_SOURCE\NSFANALYZER\RELEASE\NSFANALYZER.OBJ
C:\NSFANALYZER\NSFANALYZER_SOURCE\NSFANALYZER\RELEASE\NOTECLASSTABLE.OBJ
C:\NSFANALYZER\NSFANALYZER_SOURCE\NSFANALYZER\RELEASE\NOTECLASS.OBJ
C:\NSFANALYZER\NSFANALYZER_SOURCE\NSFANALYZER\RELEASE\LISTBOXHANDLER.OBJ
C:\NSFANALYZER\NSFANALYZER_SOURCE\NSFANALYZER\RELEASE\GENERIC_DATA.OBJ
C:\NSFANALYZER\NSFANALYZER_SOURCE\NSFANALYZER\RELEASE\DLGSERVERLIST.OBJ
C:\NSFANALYZER\NSFANALYZER_SOURCE\NSFANALYZER\RELEASE\DLGDATABASELIST.OBJ
C:\NSFANALYZER\NSFANALYZER_SOURCE\NSFANALYZER\RELEASE\CONFIGURATION.OBJ
C:\NSFANALYZER\NSFANALYZER_SOURCE\NSFANALYZER\RELEASE\COMPOSITE_DATA.OBJ
C:\NSFANALYZER\NSFANALYZER_SOURCE\NSFANALYZER\RELEASE\ASSEMBLYINFO.OBJ
C:\NSFANALYZER\NSFANALYZER_SOURCE\NSFANALYZER\RELEASE\AGENT_DATA.OBJ
C:\NSFANALYZER\NSFANALYZER_SOURCE\NSFANALYZER\RELEASE\.NETFRAMEWORK,VERSION=V4.0.ASSEMBLYATTRIBUTES.OBJ
C:\NSFANALYZER\NSFANALYZER_SOURCE\RELEASE\NSFANALYZER.EXE
C:\NSFANALYZER\NSFANALYZER_SOURCE\RELEASE\NSFANALYZER.PDB
C:\NSFANALYZER\NSFANALYZER_SOURCE\NSFANALYZER\RELEASE\METAGEN.WRITE.1.TLOG
C:\NSFAnalyzer\NSFAnalyzer_Source\Release\ICSharpCode.SharpZipLib.dll
C:\NSFAnalyzer\NSFAnalyzer_Source\NSFAnalyzer\Release\NSFAnalyzer.About.resources
C:\NSFAnalyzer\NSFAnalyzer_Source\NSFAnalyzer\Release\NSFAnalyzer.dlgDatabaseList.resources
C:\NSFAnalyzer\NSFAnalyzer_Source\NSFAnalyzer\Release\NSFAnalyzer.dlgServerList.resources
C:\NSFAnalyzer\NSFAnalyzer_Source\NSFAnalyzer\Release\NSFAnalyzer.NSFAnalyzerForm.resources
C:\NSFANALYZER\NSFANALYZER_SOURCE\NSFANALYZER\RELEASE\APP.RES
C:\NSFAnalyzer\NSFAnalyzer_Source\NSFAnalyzer\Release\NSFAnalyzer.vcxproj.GenerateResource.Cache
C:\NSFAnalyzer\NSFAnalyzer_Source\NSFAnalyzer\Release\NSFAnalyzer.vcxprojResolveAssemblyReference.cache
C:\NSFAnalyzer\NSFAnalyzer_Source\NSFAnalyzer\Release\.NETFramework,Version=v4.0.AssemblyAttributes.obj
C:\NSFAnalyzer\NSFAnalyzer_Source\NSFAnalyzer\Release\About.obj
C:\NSFAnalyzer\NSFAnalyzer_Source\NSFAnalyzer\Release\agent_data.obj
C:\NSFAnalyzer\NSFAnalyzer_Source\NSFAnalyzer\Release\AssemblyInfo.obj
C:\NSFAnalyzer\NSFAnalyzer_Source\NSFAnalyzer\Release\composite_data.obj
C:\NSFAnalyzer\NSFAnalyzer_Source\NSFAnalyzer\Release\Configuration.obj
C:\NSFAnalyzer\NSFAnalyzer_Source\NSFAnalyzer\Release\dlgDatabaseList.obj
C:\NSFAnalyzer\NSFAnalyzer_Source\NSFAnalyzer\Release\dlgServerList.obj
C:\NSFAnalyzer\NSFAnalyzer_Source\NSFAnalyzer\Release\generic_data.obj
C:\NSFAnalyzer\NSFAnalyzer_Source\NSFAnalyzer\Release\ListboxHandler.obj
C:\NSFAnalyzer\NSFAnalyzer_Source\NSFAnalyzer\Release\NoteClass.obj
C:\NSFAnalyzer\NSFAnalyzer_Source\NSFAnalyzer\Release\NoteClassTable.obj
C:\NSFAnalyzer\NSFAnalyzer_Source\NSFAnalyzer\Release\NSFAnalyzer.obj
C:\NSFAnalyzer\NSFAnalyzer_Source\NSFAnalyzer\Release\ScanIterator.obj
C:\NSFAnalyzer\NSFAnalyzer_Source\NSFAnalyzer\Release\ScanResult.obj
C:\NSFAnalyzer\NSFAnalyzer_Source\NSFAnalyzer\Release\search_core.obj
C:\NSFAnalyzer\NSFAnalyzer_Source\NSFAnalyzer\Release\stdafx.obj
C:\NSFAnalyzer\NSFAnalyzer_Source\NSFAnalyzer\Release\cl.command.1.tlog
C:\NSFAnalyzer\NSFAnalyzer_Source\NSFAnalyzer\Release\CL.read.1.tlog
C:\NSFAnalyzer\NSFAnalyzer_Source\NSFAnalyzer\Release\CL.write.1.tlog
C:\NSFAnalyzer\NSFAnalyzer_Source\NSFAnalyzer\Release\link-cvtres.read.1.tlog
C:\NSFAnalyzer\NSFAnalyzer_Source\NSFAnalyzer\Release\link-cvtres.write.1.tlog
C:\NSFAnalyzer\NSFAnalyzer_Source\NSFAnalyzer\Release\link-mt.read.1.tlog
C:\NSFAnalyzer\NSFAnalyzer_Source\NSFAnalyzer\Release\link-mt.write.1.tlog
C:\NSFAnalyzer\NSFAnalyzer_Source\NSFAnalyzer\Release\link-rc.read.1.tlog
C:\NSFAnalyzer\NSFAnalyzer_Source\NSFAnalyzer\Release\link-rc.write.1.tlog
C:\NSFAnalyzer\NSFAnalyzer_Source\NSFAnalyzer\Release\link.command.1.tlog
C:\NSFAnalyzer\NSFAnalyzer_Source\NSFAnalyzer\Release\link.read.1.tlog
C:\NSFAnalyzer\NSFAnalyzer_Source\NSFAnalyzer\Release\link.write.1.tlog
C:\NSFAnalyzer\NSFAnalyzer_Source\NSFAnalyzer\Release\metagen.read.1.tlog
C:\NSFAnalyzer\NSFAnalyzer_Source\NSFAnalyzer\Release\metagen.write.1.tlog
C:\NSFAnalyzer\NSFAnalyzer_Source\NSFAnalyzer\Release\NSFAnalyzer.write.1.tlog
C:\NSFAnalyzer\NSFAnalyzer_Source\NSFAnalyzer\Release\rc.command.1.tlog
C:\NSFAnalyzer\NSFAnalyzer_Source\NSFAnalyzer\Release\rc.read.1.tlog
C:\NSFAnalyzer\NSFAnalyzer_Source\NSFAnalyzer\Release\rc.write.1.tlog
C:\NSFAnalyzer\NSFAnalyzer_Source\NSFAnalyzer\Release\app.res
C:\NSFAnalyzer\NSFAnalyzer_Source\NSFAnalyzer\Release\NSFAnalyzer.pch
C:\NSFAnalyzer\NSFAnalyzer_Source\NSFAnalyzer\Release\vc110.pdb
C:\NSFAnalyzer\NSFAnalyzer_Source\NSFAnalyzer\Release\ICSHARPCODE.SHARPZIPLIB.DLL.metagen
C:\NSFAnalyzer\NSFAnalyzer_Source\NSFAnalyzer\Release\RSAENH.DLL.bi
C:\NSFAnalyzer\NSFAnalyzer_Source\NSFAnalyzer\Release\TZRES.DLL.bi
C:\NSFAnalyzer\NSFAnalyzer_Source\Release\NSFAnalyzer.pdb
C:\NSFAnalyzer\NSFAnalyzer_Source\Release\NSFAnalyzer.exe
