C:\NSFAnalyzer\NSFAnalyzer_Source\Release\Analyze_CAPI.lib
C:\NSFAnalyzer\NSFAnalyzer_Source\Release\Analyze_CAPI.exp
C:\NSFANALYZER\NSFANALYZER_SOURCE\ANALYZE_CAPI\RELEASE\ANALYZE_CAPI.PCH
C:\NSFANALYZER\NSFANALYZER_SOURCE\ANALYZE_CAPI\RELEASE\STDAFX.OBJ
C:\NSFANALYZER\NSFANALYZER_SOURCE\ANALYZE_CAPI\RELEASE\VC110.PDB
C:\NSFANALYZER\NSFANALYZER_SOURCE\ANALYZE_CAPI\RELEASE\ANALYZE.OBJ
C:\NSFANALYZER\NSFANALYZER_SOURCE\ANALYZE_CAPI\RELEASE\DLLMAIN.OBJ
C:\NSFANALYZER\NSFANALYZER_SOURCE\RELEASE\ANALYZE_CAPI.DLL
C:\NSFAnalyzer\NSFAnalyzer_Source\Analyze_CAPI\Release\analyze.obj
C:\NSFAnalyzer\NSFAnalyzer_Source\Analyze_CAPI\Release\dllmain.obj
C:\NSFAnalyzer\NSFAnalyzer_Source\Analyze_CAPI\Release\stdafx.obj
C:\NSFAnalyzer\NSFAnalyzer_Source\Analyze_CAPI\Release\Analyze_CAPI.write.1.tlog
C:\NSFAnalyzer\NSFAnalyzer_Source\Analyze_CAPI\Release\cl.command.1.tlog
C:\NSFAnalyzer\NSFAnalyzer_Source\Analyze_CAPI\Release\CL.read.1.tlog
C:\NSFAnalyzer\NSFAnalyzer_Source\Analyze_CAPI\Release\CL.write.1.tlog
C:\NSFAnalyzer\NSFAnalyzer_Source\Analyze_CAPI\Release\link-cvtres.read.1.tlog
C:\NSFAnalyzer\NSFAnalyzer_Source\Analyze_CAPI\Release\link-cvtres.write.1.tlog
C:\NSFAnalyzer\NSFAnalyzer_Source\Analyze_CAPI\Release\link-mt.read.1.tlog
C:\NSFAnalyzer\NSFAnalyzer_Source\Analyze_CAPI\Release\link-mt.write.1.tlog
C:\NSFAnalyzer\NSFAnalyzer_Source\Analyze_CAPI\Release\link-rc.read.1.tlog
C:\NSFAnalyzer\NSFAnalyzer_Source\Analyze_CAPI\Release\link-rc.write.1.tlog
C:\NSFAnalyzer\NSFAnalyzer_Source\Analyze_CAPI\Release\link.command.1.tlog
C:\NSFAnalyzer\NSFAnalyzer_Source\Analyze_CAPI\Release\link.read.1.tlog
C:\NSFAnalyzer\NSFAnalyzer_Source\Analyze_CAPI\Release\link.write.1.tlog
C:\NSFAnalyzer\NSFAnalyzer_Source\Analyze_CAPI\Release\Analyze_CAPI.pch
C:\NSFAnalyzer\NSFAnalyzer_Source\Analyze_CAPI\Release\vc110.pdb
C:\NSFAnalyzer\NSFAnalyzer_Source\Release\Analyze_CAPI.dll
