Build started 2/7/2013 2:09:40 PM.
     1>Project "C:\NSFAnalyzer\NSFAnalyzer_Source\Analyze_CAPI\Analyze_CAPI.vcxproj" on node 2 (Rebuild target(s)).
     1>ClCompile:
         C:\Program Files (x86)\Microsoft Visual Studio 11.0\VC\bin\CL.exe /c /IC:\capi\ln853\notesapi\include /Zi /nologo /W3 /WX- /O2 /Oi /Oy- /GL /D WIN32 /D NDEBUG /D _WINDOWS /D W32 /D _WINDLL /D _MBCS /Gm- /EHsc /MT /Zp1 /GS /Gy /fp:precise /Zc:wchar_t /Zc:forScope /Yc"stdafx.h" /Fp"Release\Analyze_CAPI.pch" /Fo"Release\\" /Fd"Release\vc110.pdb" /Gd /TP /analyze- /errorReport:prompt stdafx.cpp
         stdafx.cpp
         C:\Program Files (x86)\Microsoft Visual Studio 11.0\VC\bin\CL.exe /c /IC:\capi\ln853\notesapi\include /Zi /nologo /W3 /WX- /O2 /Oi /Oy- /GL /D WIN32 /D NDEBUG /D _WINDOWS /D W32 /D _WINDLL /D _MBCS /Gm- /EHsc /MT /Zp1 /GS /Gy /fp:precise /Zc:wchar_t /Zc:forScope /Fo"Release\\" /Fd"Release\vc110.pdb" /Gd /TP /analyze- /errorReport:prompt analyze.cpp
         analyze.cpp
         C:\Program Files (x86)\Microsoft Visual Studio 11.0\VC\bin\CL.exe /c /IC:\capi\ln853\notesapi\include /Zi /nologo /W3 /WX- /O2 /Oi /Oy- /GL /D WIN32 /D NDEBUG /D _WINDOWS /D W32 /D _WINDLL /D _MBCS /Gm- /EHsc /MT /Zp1 /GS /Gy /fp:precise /Zc:wchar_t /Zc:forScope /Fo"Release\\" /Fd"Release\vc110.pdb" /Gd /TP /analyze- /errorReport:prompt dllmain.cpp
         dllmain.cpp
       Link:
         C:\Program Files (x86)\Microsoft Visual Studio 11.0\VC\bin\link.exe /ERRORREPORT:PROMPT /OUT:"C:\NSFAnalyzer\NSFAnalyzer_Source\Release\Analyze_CAPI.dll" /INCREMENTAL:NO /NOLOGO /LIBPATH:C:\capi\ln853\notesapi\lib\mswin32 notes.lib /DEF:"analyze.def" /MANIFEST /MANIFESTUAC:"level='asInvoker' uiAccess='false'" /manifest:embed /manifestinput:"C:\Program Files (x86)\Microsoft Visual Studio 11.0\VC\Include\Manifest\dpiaware.manifest" /PDB:"C:\NSFAnalyzer\NSFAnalyzer_Source\Release\Analyze_CAPI.pdb" /SUBSYSTEM:WINDOWS /OPT:REF /OPT:ICF /LTCG /TLBID:1 /DYNAMICBASE /NXCOMPAT /IMPLIB:"C:\NSFAnalyzer\NSFAnalyzer_Source\Release\Analyze_CAPI.lib" /MACHINE:X86 /SAFESEH /DLL Release\analyze.obj
         Release\dllmain.obj
         Release\stdafx.obj
            Creating library C:\NSFAnalyzer\NSFAnalyzer_Source\Release\Analyze_CAPI.lib and object C:\NSFAnalyzer\NSFAnalyzer_Source\Release\Analyze_CAPI.exp
         Generating code
         Finished generating code
         Analyze_CAPI.vcxproj -> C:\NSFAnalyzer\NSFAnalyzer_Source\Release\Analyze_CAPI.dll
     1>Done Building Project "C:\NSFAnalyzer\NSFAnalyzer_Source\Analyze_CAPI\Analyze_CAPI.vcxproj" (Rebuild target(s)).

Build succeeded.

Time Elapsed 00:00:05.84
