C:\NSFANALYZER\NSFANALYZER_SOURCE\NSFANALYZER\DEBUG\NSFANALYZER.PCH
C:\NSFANALYZER\NSFANALYZER_SOURCE\NSFANALYZER\DEBUG\STDAFX.OBJ
C:\NSFANALYZER\NSFANALYZER_SOURCE\NSFANALYZER\DEBUG\VC110.PDB
C:\NSFANALYZER\NSFANALYZER_SOURCE\NSFANALYZER\DEBUG\ABOUT.OBJ
C:\NSFANALYZER\NSFANALYZER_SOURCE\NSFANALYZER\DEBUG\SEARCH_CORE.OBJ
C:\NSFANALYZER\NSFANALYZER_SOURCE\NSFANALYZER\DEBUG\SCANRESULT.OBJ
C:\NSFANALYZER\NSFANALYZER_SOURCE\NSFANALYZER\DEBUG\SCANITERATOR.OBJ
C:\NSFANALYZER\NSFANALYZER_SOURCE\NSFANALYZER\DEBUG\NSFANALYZER.OBJ
C:\NSFANALYZER\NSFANALYZER_SOURCE\NSFANALYZER\DEBUG\NOTECLASSTABLE.OBJ
C:\NSFANALYZER\NSFANALYZER_SOURCE\NSFANALYZER\DEBUG\NOTECLASS.OBJ
C:\NSFANALYZER\NSFANALYZER_SOURCE\NSFANALYZER\DEBUG\LISTBOXHANDLER.OBJ
C:\NSFANALYZER\NSFANALYZER_SOURCE\NSFANALYZER\DEBUG\GENERIC_DATA.OBJ
C:\NSFANALYZER\NSFANALYZER_SOURCE\NSFANALYZER\DEBUG\DLGSERVERLIST.OBJ
C:\NSFANALYZER\NSFANALYZER_SOURCE\NSFANALYZER\DEBUG\DLGDATABASELIST.OBJ
C:\NSFANALYZER\NSFANALYZER_SOURCE\NSFANALYZER\DEBUG\CONFIGURATION.OBJ
C:\NSFANALYZER\NSFANALYZER_SOURCE\NSFANALYZER\DEBUG\COMPOSITE_DATA.OBJ
C:\NSFANALYZER\NSFANALYZER_SOURCE\NSFANALYZER\DEBUG\ASSEMBLYINFO.OBJ
C:\NSFANALYZER\NSFANALYZER_SOURCE\NSFANALYZER\DEBUG\AGENT_DATA.OBJ
C:\NSFANALYZER\NSFANALYZER_SOURCE\NSFANALYZER\DEBUG\.NETFRAMEWORK,VERSION=V4.0.ASSEMBLYATTRIBUTES.OBJ
C:\NSFANALYZER\NSFANALYZER_SOURCE\DEBUG\NSFANALYZER.ILK
C:\NSFANALYZER\NSFANALYZER_SOURCE\DEBUG\NSFANALYZER.EXE
C:\NSFANALYZER\NSFANALYZER_SOURCE\DEBUG\NSFANALYZER.PDB
C:\NSFANALYZER\NSFANALYZER_SOURCE\NSFANALYZER\DEBUG\METAGEN.WRITE.1.TLOG
C:\NSFAnalyzer\NSFAnalyzer_Source\Debug\ICSharpCode.SharpZipLib.dll
C:\NSFAnalyzer\NSFAnalyzer_Source\NSFAnalyzer\Debug\NSFAnalyzer.About.resources
C:\NSFAnalyzer\NSFAnalyzer_Source\NSFAnalyzer\Debug\NSFAnalyzer.dlgDatabaseList.resources
C:\NSFAnalyzer\NSFAnalyzer_Source\NSFAnalyzer\Debug\NSFAnalyzer.dlgServerList.resources
C:\NSFAnalyzer\NSFAnalyzer_Source\NSFAnalyzer\Debug\NSFAnalyzer.NSFAnalyzerForm.resources
C:\NSFANALYZER\NSFANALYZER_SOURCE\NSFANALYZER\DEBUG\APP.RES
C:\NSFAnalyzer\NSFAnalyzer_Source\NSFAnalyzer\Debug\NSFAnalyzer.vcxproj.GenerateResource.Cache
C:\NSFAnalyzer\NSFAnalyzer_Source\NSFAnalyzer\Debug\NSFAnalyzer.vcxprojResolveAssemblyReference.cache
C:\NSFAnalyzer\NSFAnalyzer_Source\NSFAnalyzer\Debug\.NETFramework,Version=v4.0.AssemblyAttributes.obj
C:\NSFAnalyzer\NSFAnalyzer_Source\NSFAnalyzer\Debug\About.obj
C:\NSFAnalyzer\NSFAnalyzer_Source\NSFAnalyzer\Debug\agent_data.obj
C:\NSFAnalyzer\NSFAnalyzer_Source\NSFAnalyzer\Debug\AssemblyInfo.obj
C:\NSFAnalyzer\NSFAnalyzer_Source\NSFAnalyzer\Debug\composite_data.obj
C:\NSFAnalyzer\NSFAnalyzer_Source\NSFAnalyzer\Debug\Configuration.obj
C:\NSFAnalyzer\NSFAnalyzer_Source\NSFAnalyzer\Debug\dlgDatabaseList.obj
C:\NSFAnalyzer\NSFAnalyzer_Source\NSFAnalyzer\Debug\dlgServerList.obj
C:\NSFAnalyzer\NSFAnalyzer_Source\NSFAnalyzer\Debug\generic_data.obj
C:\NSFAnalyzer\NSFAnalyzer_Source\NSFAnalyzer\Debug\ListboxHandler.obj
C:\NSFAnalyzer\NSFAnalyzer_Source\NSFAnalyzer\Debug\NoteClass.obj
C:\NSFAnalyzer\NSFAnalyzer_Source\NSFAnalyzer\Debug\NoteClassTable.obj
C:\NSFAnalyzer\NSFAnalyzer_Source\NSFAnalyzer\Debug\NSFAnalyzer.obj
C:\NSFAnalyzer\NSFAnalyzer_Source\NSFAnalyzer\Debug\ScanIterator.obj
C:\NSFAnalyzer\NSFAnalyzer_Source\NSFAnalyzer\Debug\ScanResult.obj
C:\NSFAnalyzer\NSFAnalyzer_Source\NSFAnalyzer\Debug\search_core.obj
C:\NSFAnalyzer\NSFAnalyzer_Source\NSFAnalyzer\Debug\stdafx.obj
C:\NSFAnalyzer\NSFAnalyzer_Source\NSFAnalyzer\Debug\cl.command.1.tlog
C:\NSFAnalyzer\NSFAnalyzer_Source\NSFAnalyzer\Debug\CL.read.1.tlog
C:\NSFAnalyzer\NSFAnalyzer_Source\NSFAnalyzer\Debug\CL.write.1.tlog
C:\NSFAnalyzer\NSFAnalyzer_Source\NSFAnalyzer\Debug\link.1320-cvtres.read.1.tlog
C:\NSFAnalyzer\NSFAnalyzer_Source\NSFAnalyzer\Debug\link.1320-cvtres.write.1.tlog
C:\NSFAnalyzer\NSFAnalyzer_Source\NSFAnalyzer\Debug\link.1320-mt.read.1.tlog
C:\NSFAnalyzer\NSFAnalyzer_Source\NSFAnalyzer\Debug\link.1320-mt.write.1.tlog
C:\NSFAnalyzer\NSFAnalyzer_Source\NSFAnalyzer\Debug\link.1320-rc.read.1.tlog
C:\NSFAnalyzer\NSFAnalyzer_Source\NSFAnalyzer\Debug\link.1320-rc.write.1.tlog
C:\NSFAnalyzer\NSFAnalyzer_Source\NSFAnalyzer\Debug\link.1320.read.1.tlog
C:\NSFAnalyzer\NSFAnalyzer_Source\NSFAnalyzer\Debug\link.1320.write.1.tlog
C:\NSFAnalyzer\NSFAnalyzer_Source\NSFAnalyzer\Debug\link.command.1.tlog
C:\NSFAnalyzer\NSFAnalyzer_Source\NSFAnalyzer\Debug\link.read.1.tlog
C:\NSFAnalyzer\NSFAnalyzer_Source\NSFAnalyzer\Debug\link.write.1.tlog
C:\NSFAnalyzer\NSFAnalyzer_Source\NSFAnalyzer\Debug\metagen.read.1.tlog
C:\NSFAnalyzer\NSFAnalyzer_Source\NSFAnalyzer\Debug\metagen.write.1.tlog
C:\NSFAnalyzer\NSFAnalyzer_Source\NSFAnalyzer\Debug\NSFAnalyzer.write.1.tlog
C:\NSFAnalyzer\NSFAnalyzer_Source\NSFAnalyzer\Debug\rc.command.1.tlog
C:\NSFAnalyzer\NSFAnalyzer_Source\NSFAnalyzer\Debug\rc.read.1.tlog
C:\NSFAnalyzer\NSFAnalyzer_Source\NSFAnalyzer\Debug\rc.write.1.tlog
C:\NSFAnalyzer\NSFAnalyzer_Source\NSFAnalyzer\Debug\app.res
C:\NSFAnalyzer\NSFAnalyzer_Source\NSFAnalyzer\Debug\NSFAnalyzer.pch
C:\NSFAnalyzer\NSFAnalyzer_Source\NSFAnalyzer\Debug\vc110.pdb
C:\NSFAnalyzer\NSFAnalyzer_Source\NSFAnalyzer\Debug\ICSHARPCODE.SHARPZIPLIB.DLL.metagen
C:\NSFAnalyzer\NSFAnalyzer_Source\NSFAnalyzer\Debug\RSAENH.DLL.bi
C:\NSFAnalyzer\NSFAnalyzer_Source\NSFAnalyzer\Debug\TZRES.DLL.bi
C:\NSFAnalyzer\NSFAnalyzer_Source\Debug\NSFAnalyzer.pdb
C:\NSFAnalyzer\NSFAnalyzer_Source\Debug\NSFAnalyzer.exe
C:\NSFAnalyzer\NSFAnalyzer_Source\Debug\NSFAnalyzer.ilk
