Build started 2/7/2013 1:49:04 PM.
     1>Project "C:\NSFAnalyzer\NSFAnalyzer_Source\NSFAnalyzer\NSFAnalyzer.vcxproj" on node 2 (Rebuild target(s)).
     1>ClCompile:
         C:\Program Files (x86)\Microsoft Visual Studio 11.0\VC\bin\CL.exe /c /IC:\capi\ln853\notesapi\include /AI"C:\Program Files (x86)\Reference Assemblies\Microsoft\Framework\.NETFramework\v4.0" /AI"C:\Program Files (x86)\Windows Kits\8.0\References\CommonConfiguration\Neutral" /Zi /clr /nologo /W3 /WX- /Od /Oy- /D _DEBUG /D W32 /D _MBCS /EHa /MDd /Zp1 /GS /fp:precise /Zc:wchar_t /Zc:forScope /Yc"stdafx.h" /Fp"Debug\NSFAnalyzer.pch" /Fo"Debug\\" /Fd"Debug\vc110.pdb" /TP /FU"C:\NSFAnalyzer\NSFAnalyzer_Source\net-20\ICSharpCode.SharpZipLib.dll" /FU"C:\Program Files (x86)\Reference Assemblies\Microsoft\Framework\.NETFramework\v4.0\mscorlib.dll" /FU"C:\Program Files (x86)\Reference Assemblies\Microsoft\Framework\.NETFramework\v4.0\System.Data.dll" /FU"C:\Program Files (x86)\Reference Assemblies\Microsoft\Framework\.NETFramework\v4.0\System.dll" /FU"C:\Program Files (x86)\Reference Assemblies\Microsoft\Framework\.NETFramework\v4.0\System.Drawing.dll" /FU"C:\Program Files (x86)\Reference Assemblies\Microsoft\Framework\.NETFramework\v4.0\System.Windows.Forms.dll" /FU"C:\Program Files (x86)\Reference Assemblies\Microsoft\Framework\.NETFramework\v4.0\System.Xml.dll" /analyze- /errorReport:prompt /clr:nostdlib stdafx.cpp
         stdafx.cpp
         C:\Program Files (x86)\Microsoft Visual Studio 11.0\VC\bin\CL.exe /c /IC:\capi\ln853\notesapi\include /AI"C:\Program Files (x86)\Reference Assemblies\Microsoft\Framework\.NETFramework\v4.0" /AI"C:\Program Files (x86)\Windows Kits\8.0\References\CommonConfiguration\Neutral" /Zi /clr /nologo /W3 /WX- /Od /Oy- /D _DEBUG /D W32 /D _MBCS /EHa /MDd /Zp1 /GS /fp:precise /Zc:wchar_t /Zc:forScope /Yu"stdafx.h" /Fp"Debug\NSFAnalyzer.pch" /Fo"Debug\\" /Fd"Debug\vc110.pdb" /TP /FU"C:\NSFAnalyzer\NSFAnalyzer_Source\net-20\ICSharpCode.SharpZipLib.dll" /FU"C:\Program Files (x86)\Reference Assemblies\Microsoft\Framework\.NETFramework\v4.0\mscorlib.dll" /FU"C:\Program Files (x86)\Reference Assemblies\Microsoft\Framework\.NETFramework\v4.0\System.Data.dll" /FU"C:\Program Files (x86)\Reference Assemblies\Microsoft\Framework\.NETFramework\v4.0\System.dll" /FU"C:\Program Files (x86)\Reference Assemblies\Microsoft\Framework\.NETFramework\v4.0\System.Drawing.dll" /FU"C:\Program Files (x86)\Reference Assemblies\Microsoft\Framework\.NETFramework\v4.0\System.Windows.Forms.dll" /FU"C:\Program Files (x86)\Reference Assemblies\Microsoft\Framework\.NETFramework\v4.0\System.Xml.dll" /analyze- /errorReport:prompt /clr:nostdlib agent_data.cpp AssemblyInfo.cpp composite_data.cpp Configuration.cpp dlgDatabaseList.cpp dlgServerList.cpp generic_data.cpp ListboxHandler.cpp NoteClass.cpp NoteClassTable.cpp NSFAnalyzer.cpp ScanIterator.cpp ScanResult.cpp search_core.cpp About.cpp
         agent_data.cpp
         AssemblyInfo.cpp
         composite_data.cpp
         Configuration.cpp
         dlgDatabaseList.cpp
         dlgServerList.cpp
         generic_data.cpp
         ListboxHandler.cpp
         NoteClass.cpp
         NoteClassTable.cpp
         NSFAnalyzer.cpp
         ScanIterator.cpp
         ScanResult.cpp
         search_core.cpp
         About.cpp
         Generating Code...
         C:\Program Files (x86)\Microsoft Visual Studio 11.0\VC\bin\CL.exe /c /IC:\capi\ln853\notesapi\include /Zi /clr /nologo /W3 /WX- /Od /Oy- /D _DEBUG /D W32 /D _MBCS /EHa /MDd /Zp1 /GS /fp:precise /Zc:wchar_t /Zc:forScope /Fo"Debug\\" /Fd"Debug\vc110.pdb" /TP /analyze- /errorReport:prompt "C:\Users\BNICHOL\AppData\Local\Temp\.NETFramework,Version=v4.0.AssemblyAttributes.cpp"
         .NETFramework,Version=v4.0.AssemblyAttributes.cpp
       ResourceCompile:
         C:\Program Files (x86)\Windows Kits\8.0\bin\x86\rc.exe /l"0x0409" /nologo /fo"Debug\app.res" app.rc 
       Link:
         C:\Program Files (x86)\Microsoft Visual Studio 11.0\VC\bin\link.exe /ERRORREPORT:PROMPT /OUT:"C:\NSFAnalyzer\NSFAnalyzer_Source\Debug\NSFAnalyzer.exe" /INCREMENTAL /NOLOGO /LIBPATH:C:\capi\ln853\notesapi\lib\mswin32 /ASSEMBLYRESOURCE:Debug\NSFAnalyzer.About.resources /ASSEMBLYRESOURCE:Debug\NSFAnalyzer.dlgDatabaseList.resources /ASSEMBLYRESOURCE:Debug\NSFAnalyzer.dlgServerList.resources /ASSEMBLYRESOURCE:Debug\NSFAnalyzer.NSFAnalyzerForm.resources /MANIFEST /MANIFESTUAC:"level='requireAdministrator' uiAccess='false'" /manifest:embed /manifestinput:NSFAnalyzer.manifest /DEBUG /PDB:"C:\NSFAnalyzer\NSFAnalyzer_Source\Debug\NSFAnalyzer.pdb" /ASSEMBLYDEBUG /SUBSYSTEM:WINDOWS /TLBID:1 /ENTRY:"main" /DYNAMICBASE /FIXED:NO /NXCOMPAT /MACHINE:X86 /SAFESEH Debug\app.res
         Debug\agent_data.obj
         Debug\AssemblyInfo.obj
         Debug\composite_data.obj
         Debug\Configuration.obj
         Debug\dlgDatabaseList.obj
         Debug\dlgServerList.obj
         Debug\generic_data.obj
         Debug\ListboxHandler.obj
         Debug\NoteClass.obj
         Debug\NoteClassTable.obj
         Debug\NSFAnalyzer.obj
         Debug\ScanIterator.obj
         Debug\ScanResult.obj
         Debug\search_core.obj
         Debug\stdafx.obj
         Debug\About.obj
         "Debug\.NETFramework,Version=v4.0.AssemblyAttributes.obj"
         NSFAnalyzer.vcxproj -> C:\NSFAnalyzer\NSFAnalyzer_Source\Debug\NSFAnalyzer.exe
     1>Done Building Project "C:\NSFAnalyzer\NSFAnalyzer_Source\NSFAnalyzer\NSFAnalyzer.vcxproj" (Rebuild target(s)).

Build succeeded.

Time Elapsed 00:00:09.65
